<?xml version="1.0" encoding="UTF-8"?>
<testsuite xmlns:xsi="http://www.w3.org/2001/XMLSchema-instance" xsi:noNamespaceSchemaLocation="https://maven.apache.org/surefire/maven-surefire-plugin/xsd/surefire-test-report.xsd" name="com.nb.fizzbuzzqix.FizzBuzzQixTest" time="0.169" tests="14" errors="0" skipped="0" failures="0">
  <properties>
    <property name="sun.desktop" value="windows"/>
    <property name="awt.toolkit" value="sun.awt.windows.WToolkit"/>
    <property name="java.specification.version" value="11"/>
    <property name="sun.cpu.isalist" value="amd64"/>
    <property name="sun.jnu.encoding" value="Cp1252"/>
    <property name="java.class.path" value="D:\Workspaces\IntelliJ\FizzBuzzQix\target\test-classes;D:\Workspaces\IntelliJ\FizzBuzzQix\target\classes;C:\Users\nberron\.m2\repository\org\junit\jupiter\junit-jupiter-api\5.6.2\junit-jupiter-api-5.6.2.jar;C:\Users\nberron\.m2\repository\org\apiguardian\apiguardian-api\1.1.0\apiguardian-api-1.1.0.jar;C:\Users\nberron\.m2\repository\org\opentest4j\opentest4j\1.2.0\opentest4j-1.2.0.jar;C:\Users\nberron\.m2\repository\org\junit\platform\junit-platform-commons\1.6.2\junit-platform-commons-1.6.2.jar;C:\Users\nberron\.m2\repository\org\junit\jupiter\junit-jupiter-params\5.6.2\junit-jupiter-params-5.6.2.jar;C:\Users\nberron\.m2\repository\org\junit\jupiter\junit-jupiter-engine\5.6.2\junit-jupiter-engine-5.6.2.jar;C:\Users\nberron\.m2\repository\org\junit\platform\junit-platform-engine\1.6.2\junit-platform-engine-1.6.2.jar;C:\Users\nberron\.m2\repository\org\assertj\assertj-core\3.8.0\assertj-core-3.8.0.jar;"/>
    <property name="java.vm.vendor" value="AdoptOpenJDK"/>
    <property name="sun.arch.data.model" value="64"/>
    <property name="user.variant" value=""/>
    <property name="java.vendor.url" value="https://adoptopenjdk.net/"/>
    <property name="user.timezone" value="Europe/Paris"/>
    <property name="java.vm.specification.version" value="11"/>
    <property name="os.name" value="Windows 8.1"/>
    <property name="sun.java.launcher" value="SUN_STANDARD"/>
    <property name="user.country" value="FR"/>
    <property name="sun.boot.library.path" value="C:\dev\java\jdk-11.0.5.10-hotspot\bin"/>
    <property name="sun.java.command" value="C:\Users\nberron\AppData\Local\Temp\surefire11371811460387790833\surefirebooter5360040601066740256.jar C:\Users\nberron\AppData\Local\Temp\surefire11371811460387790833 2020-07-23T19-32-45_303-jvmRun1 surefire5398869160711001960tmp surefire_0983945716643918136tmp"/>
    <property name="jdk.debug" value="release"/>
    <property name="surefire.test.class.path" value="D:\Workspaces\IntelliJ\FizzBuzzQix\target\test-classes;D:\Workspaces\IntelliJ\FizzBuzzQix\target\classes;C:\Users\nberron\.m2\repository\org\junit\jupiter\junit-jupiter-api\5.6.2\junit-jupiter-api-5.6.2.jar;C:\Users\nberron\.m2\repository\org\apiguardian\apiguardian-api\1.1.0\apiguardian-api-1.1.0.jar;C:\Users\nberron\.m2\repository\org\opentest4j\opentest4j\1.2.0\opentest4j-1.2.0.jar;C:\Users\nberron\.m2\repository\org\junit\platform\junit-platform-commons\1.6.2\junit-platform-commons-1.6.2.jar;C:\Users\nberron\.m2\repository\org\junit\jupiter\junit-jupiter-params\5.6.2\junit-jupiter-params-5.6.2.jar;C:\Users\nberron\.m2\repository\org\junit\jupiter\junit-jupiter-engine\5.6.2\junit-jupiter-engine-5.6.2.jar;C:\Users\nberron\.m2\repository\org\junit\platform\junit-platform-engine\1.6.2\junit-platform-engine-1.6.2.jar;C:\Users\nberron\.m2\repository\org\assertj\assertj-core\3.8.0\assertj-core-3.8.0.jar;"/>
    <property name="sun.cpu.endian" value="little"/>
    <property name="user.home" value="C:\Users\nberron"/>
    <property name="user.language" value="fr"/>
    <property name="java.specification.vendor" value="Oracle Corporation"/>
    <property name="java.version.date" value="2019-10-15"/>
    <property name="java.home" value="C:\dev\java\jdk-11.0.5.10-hotspot"/>
    <property name="file.separator" value="\"/>
    <property name="basedir" value="D:\Workspaces\IntelliJ\FizzBuzzQix"/>
    <property name="java.vm.compressedOopsMode" value="32-bit"/>
    <property name="line.separator" value="&#10;"/>
    <property name="java.specification.name" value="Java Platform API Specification"/>
    <property name="java.vm.specification.vendor" value="Oracle Corporation"/>
    <property name="java.awt.graphicsenv" value="sun.awt.Win32GraphicsEnvironment"/>
    <property name="surefire.real.class.path" value="C:\Users\nberron\AppData\Local\Temp\surefire11371811460387790833\surefirebooter5360040601066740256.jar"/>
    <property name="user.script" value=""/>
    <property name="sun.management.compiler" value="HotSpot 64-Bit Tiered Compilers"/>
    <property name="java.runtime.version" value="11.0.5+10"/>
    <property name="user.name" value="nberron"/>
    <property name="path.separator" value=";"/>
    <property name="os.version" value="6.3"/>
    <property name="java.runtime.name" value="OpenJDK Runtime Environment"/>
    <property name="file.encoding" value="Cp1252"/>
    <property name="java.vm.name" value="OpenJDK 64-Bit Server VM"/>
    <property name="java.vendor.version" value="AdoptOpenJDK"/>
    <property name="localRepository" value="C:\Users\nberron\.m2\repository"/>
    <property name="java.vendor.url.bug" value="https://github.com/AdoptOpenJDK/openjdk-build/issues"/>
    <property name="java.io.tmpdir" value="C:\Users\nberron\AppData\Local\Temp\"/>
    <property name="java.version" value="11.0.5"/>
    <property name="user.dir" value="D:\Workspaces\IntelliJ\FizzBuzzQix"/>
    <property name="os.arch" value="amd64"/>
    <property name="java.vm.specification.name" value="Java Virtual Machine Specification"/>
    <property name="java.awt.printerjob" value="sun.awt.windows.WPrinterJob"/>
    <property name="sun.os.patch.level" value=""/>
    <property name="java.library.path" value="C:\dev\java\jdk-11.0.5.10-hotspot\bin;C:\Windows\Sun\Java\bin;C:\Windows\system32;C:\Windows;C:\dev\maven\apache-maven-3.6.0\bin;C:\dev\java\jdk-11.0.5.10-hotspot\bin;C:\Program Files\nodejs\;C:\Program Files\Git\cmd;C:\Windows\system32;C:\Windows;C:\Windows\System32\Wbem;C:\dev\spring\spring-2.2.1.RELEASE\bin;C:\dev\mysql\mysql-8.0.18-winx64\bin;C:\Program Files (x86)\mongo\bin;C:\Windows\System32\WindowsPowerShell\v1.0;C:\HashiCorp\Vagrant\bin;C:\Program Files\MySQL\MySQL Shell 8.0\bin\;C:\Program Files (x86)\Cracklock\Bin;C:\Program Files\Intel\WiFi\bin\;C:\Program Files\Common Files\Intel\WirelessCommon\;C:\Users\nberron\AppData\Local\Programs\Microsoft VS Code\bin;C:\Users\nberron\AppData\Roaming\npm;C:\Users\nberron\LaTex\miktex\bin\x64\;C:\Users\nberron\AppData\Local\GitHubDesktop\bin;C:\Program Files\JetBrains\IntelliJ IDEA Community Edition 2020.1\bin;;."/>
    <property name="java.vendor" value="AdoptOpenJDK"/>
    <property name="java.vm.info" value="mixed mode"/>
    <property name="java.vm.version" value="11.0.5+10"/>
    <property name="sun.io.unicode.encoding" value="UnicodeLittle"/>
    <property name="java.class.version" value="55.0"/>
  </properties>
  <testcase name="shouldContain3" classname="com.nb.fizzbuzzqix.FizzBuzzQixTest" time="0.118"/>
  <testcase name="shouldContain5" classname="com.nb.fizzbuzzqix.FizzBuzzQixTest" time="0"/>
  <testcase name="shouldContain7" classname="com.nb.fizzbuzzqix.FizzBuzzQixTest" time="0"/>
  <testcase name="shouldReturnNumberOutOfFooBarQix" classname="com.nb.fizzbuzzqix.FizzBuzzQixTest" time="0.012"/>
  <testcase name="shouldBeDivisibleBy5AndBy7AndContains3AndContains5" classname="com.nb.fizzbuzzqix.FizzBuzzQixTest" time="0"/>
  <testcase name="shouldHaveHighPrecedenceForDivisors" classname="com.nb.fizzbuzzqix.FizzBuzzQixTest" time="0"/>
  <testcase name="shouldBeDivisibleBy3" classname="com.nb.fizzbuzzqix.FizzBuzzQixTest" time="0"/>
  <testcase name="shouldBeDivisibleBy5" classname="com.nb.fizzbuzzqix.FizzBuzzQixTest" time="0.008"/>
  <testcase name="shouldBeDivisibleBy7" classname="com.nb.fizzbuzzqix.FizzBuzzQixTest" time="0"/>
  <testcase name="shouldBeInAppearanceOrder" classname="com.nb.fizzbuzzqix.FizzBuzzQixTest" time="0"/>
  <testcase name="shouldBeDivisibleAndContain3" classname="com.nb.fizzbuzzqix.FizzBuzzQixTest" time="0"/>
  <testcase name="shouldBeDivisibleAndContain5" classname="com.nb.fizzbuzzqix.FizzBuzzQixTest" time="0"/>
  <testcase name="shouldBeDivisibleAndContain7" classname="com.nb.fizzbuzzqix.FizzBuzzQixTest" time="0"/>
  <testcase name="shouldBeDivisibleBy3AndBy5AndContains5" classname="com.nb.fizzbuzzqix.FizzBuzzQixTest" time="0"/>
</testsuite>